

Processing UsersController#create (for 127.0.0.1 at 2008-07-29 22:51:39) [POST]
  Session ID: 4e8d838db7326bfdc3f93344941736b9
  Parameters: {"user"=>{"passwd"=>"smith", "username"=>"bob"}, "format"=>"xml", "action"=>"create", "controller"=>"users"}
  [4;36;1mSQL (0.000119)[0m   [0;1mSET NAMES 'utf8'[0m
  [4;35;1mSQL (0.000065)[0m   [0mSET SQL_AUTO_IS_NULL=0[0m
  [4;36;1mUser Columns (0.001579)[0m   [0;1mSHOW FIELDS FROM `users`[0m
  [4;35;1mSQL (0.001185)[0m   [0mBEGIN[0m
  [4;36;1mUser Create (0.000244)[0m   [0;1mINSERT INTO `users` (`passwd`, `updated_at`, `username`, `email`, `created_at`) VALUES('smith', '2008-07-30 03:51:39', 'bob', NULL, '2008-07-30 03:51:39')[0m
  [4;35;1mSQL (0.000802)[0m   [0mCOMMIT[0m
Completed in 0.20417 (4 reqs/sec) | Rendering: 0.11302 (55%) | DB: 0.00399 (1%) | 201 Created [http://localhost/users.xml]


Processing UsersController#index (for 127.0.0.1 at 2008-07-29 22:51:52) [GET]
  Session ID: efc21b22cb97b13a4269f09a72af6cf5
  Parameters: {"format"=>"xml", "action"=>"index", "controller"=>"users"}
  [4;36;1mUser Load (0.000299)[0m   [0;1mSELECT * FROM `users` [0m
  [4;35;1mUser Columns (0.001753)[0m   [0mSHOW FIELDS FROM `users`[0m
Completed in 0.01280 (78 reqs/sec) | Rendering: 0.00545 (42%) | DB: 0.00205 (16%) | 200 OK [http://localhost/users.xml]


Processing UsersController#index (for 127.0.0.1 at 2008-07-29 22:52:49) [GET]
  Session ID: 179249660eee8061d7f88d6758dda3bb
  Parameters: {"format"=>"xml", "action"=>"index", "controller"=>"users"}
  [4;36;1mUser Load (0.000282)[0m   [0;1mSELECT * FROM `users` [0m
  [4;35;1mUser Columns (0.002566)[0m   [0mSHOW FIELDS FROM `users`[0m
Completed in 0.01741 (57 reqs/sec) | Rendering: 0.00936 (53%) | DB: 0.00285 (16%) | 200 OK [http://localhost/users.xml]


Processing UsersController#show (for 127.0.0.1 at 2008-07-29 22:53:11) [GET]
  Session ID: 0e2476c3f9c2a96e18f5a1dbc86728ad
  Parameters: {"format"=>"xml", "action"=>"show", "id"=>"1", "controller"=>"users"}
  [4;36;1mUser Columns (0.003299)[0m   [0;1mSHOW FIELDS FROM `users`[0m
  [4;35;1mUser Load (0.000328)[0m   [0mSELECT * FROM `users` WHERE (`users`.`id` = 1) [0m
Completed in 0.01455 (68 reqs/sec) | Rendering: 0.00487 (33%) | DB: 0.00363 (24%) | 200 OK [http://localhost/users/1.xml]


Processing UsersController#show (for 127.0.0.1 at 2008-07-29 22:53:16) [GET]
  Session ID: 2354fe498a1b13797f66c59ead07bce6
  Parameters: {"format"=>"xml", "action"=>"show", "id"=>"1", "controller"=>"users"}
  [4;36;1mUser Columns (0.003025)[0m   [0;1mSHOW FIELDS FROM `users`[0m
  [4;35;1mUser Load (0.000347)[0m   [0mSELECT * FROM `users` WHERE (`users`.`id` = 1) [0m
Completed in 0.01313 (76 reqs/sec) | Rendering: 0.00363 (27%) | DB: 0.00337 (25%) | 200 OK [http://localhost/users/1.xml]


Processing UsersController#show (for 127.0.0.1 at 2008-07-29 22:53:28) [GET]
  Session ID: c30f80e327c183ca844adc584bc60276
  Parameters: {"format"=>"xml", "action"=>"show", "id"=>"2", "controller"=>"users"}
  [4;36;1mUser Columns (0.002781)[0m   [0;1mSHOW FIELDS FROM `users`[0m
  [4;35;1mUser Load (0.001160)[0m   [0mSELECT * FROM `users` WHERE (`users`.`id` = 2) [0m
Completed in 0.01576 (63 reqs/sec) | Rendering: 0.00549 (34%) | DB: 0.00394 (25%) | 200 OK [http://localhost/users/2.xml]


Processing UsersController#show (for 127.0.0.1 at 2008-07-29 22:53:30) [GET]
  Session ID: 611d1f1795e2b2aae15a00af25ed96f7
  Parameters: {"format"=>"xml", "action"=>"show", "id"=>"2", "controller"=>"users"}
  [4;36;1mUser Columns (0.003069)[0m   [0;1mSHOW FIELDS FROM `users`[0m
  [4;35;1mUser Load (0.001584)[0m   [0mSELECT * FROM `users` WHERE (`users`.`id` = 2) [0m
Completed in 0.01435 (69 reqs/sec) | Rendering: 0.00340 (23%) | DB: 0.00465 (32%) | 200 OK [http://localhost/users/2.xml]


Processing UsersController#index (for 127.0.0.1 at 2008-07-29 22:55:48) [GET]
  Session ID: cca6d0b59a0929d428e204a177aeeb6c
  Parameters: {"format"=>"xml", "action"=>"index", "controller"=>"users"}
  [4;36;1mUser Load (0.000279)[0m   [0;1mSELECT * FROM `users` [0m
  [4;35;1mUser Columns (0.002361)[0m   [0mSHOW FIELDS FROM `users`[0m
Completed in 0.01411 (70 reqs/sec) | Rendering: 0.00573 (40%) | DB: 0.00264 (18%) | 200 OK [http://localhost/users.xml]


Processing UsersController#show (for 127.0.0.1 at 2008-07-29 22:55:52) [GET]
  Session ID: 1eb21dccdcf3b3ab8fc4bd01fa48e1e2
  Parameters: {"format"=>"xml", "action"=>"show", "id"=>"1", "controller"=>"users"}
  [4;36;1mUser Columns (0.004633)[0m   [0;1mSHOW FIELDS FROM `users`[0m
  [4;35;1mUser Load (0.000940)[0m   [0mSELECT * FROM `users` WHERE (`users`.`id` = 1) [0m
Completed in 0.01409 (70 reqs/sec) | Rendering: 0.00235 (16%) | DB: 0.00557 (39%) | 200 OK [http://localhost/users/1.xml]


Processing ArticlesController#index (for 127.0.0.1 at 2008-07-30 18:12:45) [GET]
  Session ID: f1c9e3572fd0529453fc8eb69b8d14a0
  Parameters: {"action"=>"index", "controller"=>"articles"}
  [4;36;1mSQL (0.000121)[0m   [0;1mSET NAMES 'utf8'[0m
  [4;35;1mSQL (0.000067)[0m   [0mSET SQL_AUTO_IS_NULL=0[0m
  [4;36;1mArticle Load (0.000468)[0m   [0;1mSELECT * FROM `articles` ORDER BY created_at DESC[0m
Rendering template within layouts/application
Rendering articles/index
  [4;35;1mArticle Columns (0.001937)[0m   [0mSHOW FIELDS FROM `articles`[0m
  [4;36;1mUser Columns (0.001365)[0m   [0;1mSHOW FIELDS FROM `users`[0m
  [4;35;1mUser Load (0.000817)[0m   [0mSELECT * FROM `users` WHERE (`users`.`id` = 1) [0m
  [4;36;1mCACHE (0.000000)[0m   [0;1mSELECT * FROM `users` WHERE (`users`.`id` = 1) [0m
Rendered articles/_example (0.00002)


ActionView::TemplateError (undefined method `mail_tag' for #<ActionView::Base:0x1fbeacc>) on line #15 of layouts/application.html.erb:
12:   <div style="color: green;"><%=h flash[:notice] %></div>
13:   <%= yield %>
14:   <br/>
15:   problems: <%= mail_tag('bob@here.com') %>
16: </body>
17: </html>

    app/views/layouts/application.html.erb:15:in `_run_erb_47app47views47layouts47application46html46erb'
    /Library/Ruby/Gems/1.8/gems/actionpack-2.1.0/lib/action_view/base.rb:338:in `send'
    /Library/Ruby/Gems/1.8/gems/actionpack-2.1.0/lib/action_view/base.rb:338:in `execute'
    /Library/Ruby/Gems/1.8/gems/actionpack-2.1.0/lib/action_view/template_handlers/compilable.rb:29:in `send'
    /Library/Ruby/Gems/1.8/gems/actionpack-2.1.0/lib/action_view/template_handlers/compilable.rb:29:in `render'
    /Library/Ruby/Gems/1.8/gems/actionpack-2.1.0/lib/action_view/template.rb:35:in `render'
    /Library/Ruby/Gems/1.8/gems/actionpack-2.1.0/lib/action_view/template.rb:22:in `render_template'
    /Library/Ruby/Gems/1.8/gems/actionpack-2.1.0/lib/action_view/base.rb:245:in `render_file'
    /Library/Ruby/Gems/1.8/gems/actionpack-2.1.0/lib/action_controller/layout.rb:257:in `render_without_benchmark'
    /Library/Ruby/Gems/1.8/gems/actionpack-2.1.0/lib/action_controller/benchmarking.rb:51:in `render'
    /Library/Ruby/Gems/1.8/gems/activesupport-2.1.0/lib/active_support/core_ext/benchmark.rb:8:in `realtime'
    /Library/Ruby/Gems/1.8/gems/actionpack-2.1.0/lib/action_controller/benchmarking.rb:51:in `render'
    app/controllers/articles_controller.rb:11:in `index'
    /Library/Ruby/Gems/1.8/gems/actionpack-2.1.0/lib/action_controller/base.rb:1162:in `send'
    /Library/Ruby/Gems/1.8/gems/actionpack-2.1.0/lib/action_controller/base.rb:1162:in `perform_action_without_filters'
    /Library/Ruby/Gems/1.8/gems/actionpack-2.1.0/lib/action_controller/filters.rb:580:in `call_filters'
    /Library/Ruby/Gems/1.8/gems/actionpack-2.1.0/lib/action_controller/filters.rb:573:in `perform_action_without_benchmark'
    /Library/Ruby/Gems/1.8/gems/actionpack-2.1.0/lib/action_controller/benchmarking.rb:68:in `perform_action_without_rescue'
    /System/Library/Frameworks/Ruby.framework/Versions/1.8/usr/lib/ruby/1.8/benchmark.rb:293:in `measure'
    /Library/Ruby/Gems/1.8/gems/actionpack-2.1.0/lib/action_controller/benchmarking.rb:68:in `perform_action_without_rescue'
    /Library/Ruby/Gems/1.8/gems/actionpack-2.1.0/lib/action_controller/rescue.rb:201:in `perform_action_without_caching'
    /Library/Ruby/Gems/1.8/gems/actionpack-2.1.0/lib/action_controller/caching/sql_cache.rb:13:in `perform_action'
    /Library/Ruby/Gems/1.8/gems/activerecord-2.1.0/lib/active_record/connection_adapters/abstract/query_cache.rb:33:in `cache'
    /Library/Ruby/Gems/1.8/gems/activerecord-2.1.0/lib/active_record/query_cache.rb:8:in `cache'
    /Library/Ruby/Gems/1.8/gems/actionpack-2.1.0/lib/action_controller/caching/sql_cache.rb:12:in `perform_action'
    /Library/Ruby/Gems/1.8/gems/actionpack-2.1.0/lib/action_controller/base.rb:529:in `send'
    /Library/Ruby/Gems/1.8/gems/actionpack-2.1.0/lib/action_controller/base.rb:529:in `process_without_filters'
    /Library/Ruby/Gems/1.8/gems/actionpack-2.1.0/lib/action_controller/filters.rb:569:in `process_without_session_management_support'
    /Library/Ruby/Gems/1.8/gems/actionpack-2.1.0/lib/action_controller/session_management.rb:130:in `process'
    /Library/Ruby/Gems/1.8/gems/actionpack-2.1.0/lib/action_controller/base.rb:389:in `process'
    /Library/Ruby/Gems/1.8/gems/actionpack-2.1.0/lib/action_controller/dispatcher.rb:149:in `handle_request'
    /Library/Ruby/Gems/1.8/gems/actionpack-2.1.0/lib/action_controller/dispatcher.rb:107:in `dispatch'
    /Library/Ruby/Gems/1.8/gems/actionpack-2.1.0/lib/action_controller/dispatcher.rb:104:in `synchronize'
    /Library/Ruby/Gems/1.8/gems/actionpack-2.1.0/lib/action_controller/dispatcher.rb:104:in `dispatch'
    /Library/Ruby/Gems/1.8/gems/actionpack-2.1.0/lib/action_controller/dispatcher.rb:120:in `dispatch_cgi'
    /Library/Ruby/Gems/1.8/gems/actionpack-2.1.0/lib/action_controller/dispatcher.rb:35:in `dispatch'
    /Library/Ruby/Gems/1.8/gems/mongrel-1.1.5/lib/mongrel/rails.rb:76:in `process'
    /Library/Ruby/Gems/1.8/gems/mongrel-1.1.5/lib/mongrel/rails.rb:74:in `synchronize'
    /Library/Ruby/Gems/1.8/gems/mongrel-1.1.5/lib/mongrel/rails.rb:74:in `process'
    /Library/Ruby/Gems/1.8/gems/mongrel-1.1.5/lib/mongrel.rb:159:in `process_client'
    /Library/Ruby/Gems/1.8/gems/mongrel-1.1.5/lib/mongrel.rb:158:in `each'
    /Library/Ruby/Gems/1.8/gems/mongrel-1.1.5/lib/mongrel.rb:158:in `process_client'
    /Library/Ruby/Gems/1.8/gems/mongrel-1.1.5/lib/mongrel.rb:285:in `run'
    /Library/Ruby/Gems/1.8/gems/mongrel-1.1.5/lib/mongrel.rb:285:in `initialize'
    /Library/Ruby/Gems/1.8/gems/mongrel-1.1.5/lib/mongrel.rb:285:in `new'
    /Library/Ruby/Gems/1.8/gems/mongrel-1.1.5/lib/mongrel.rb:285:in `run'
    /Library/Ruby/Gems/1.8/gems/mongrel-1.1.5/lib/mongrel.rb:268:in `initialize'
    /Library/Ruby/Gems/1.8/gems/mongrel-1.1.5/lib/mongrel.rb:268:in `new'
    /Library/Ruby/Gems/1.8/gems/mongrel-1.1.5/lib/mongrel.rb:268:in `run'
    /Library/Ruby/Gems/1.8/gems/mongrel-1.1.5/lib/mongrel/configurator.rb:282:in `run'
    /Library/Ruby/Gems/1.8/gems/mongrel-1.1.5/lib/mongrel/configurator.rb:281:in `each'
    /Library/Ruby/Gems/1.8/gems/mongrel-1.1.5/lib/mongrel/configurator.rb:281:in `run'
    /Library/Ruby/Gems/1.8/gems/mongrel-1.1.5/bin/mongrel_rails:128:in `run'
    /Library/Ruby/Gems/1.8/gems/mongrel-1.1.5/lib/mongrel/command.rb:212:in `run'
    /Library/Ruby/Gems/1.8/gems/mongrel-1.1.5/bin/mongrel_rails:281
    /Library/Ruby/Gems/1.8/gems/activesupport-2.1.0/lib/active_support/dependencies.rb:502:in `load'
    /Library/Ruby/Gems/1.8/gems/activesupport-2.1.0/lib/active_support/dependencies.rb:502:in `load'
    /Library/Ruby/Gems/1.8/gems/activesupport-2.1.0/lib/active_support/dependencies.rb:354:in `new_constants_in'
    /Library/Ruby/Gems/1.8/gems/activesupport-2.1.0/lib/active_support/dependencies.rb:502:in `load'
    /Library/Ruby/Gems/1.8/gems/rails-2.1.0/lib/commands/servers/mongrel.rb:64
    /System/Library/Frameworks/Ruby.framework/Versions/1.8/usr/lib/ruby/1.8/rubygems/custom_require.rb:27:in `gem_original_require'
    /System/Library/Frameworks/Ruby.framework/Versions/1.8/usr/lib/ruby/1.8/rubygems/custom_require.rb:27:in `require'
    /Library/Ruby/Gems/1.8/gems/activesupport-2.1.0/lib/active_support/dependencies.rb:509:in `require'
    /Library/Ruby/Gems/1.8/gems/activesupport-2.1.0/lib/active_support/dependencies.rb:354:in `new_constants_in'
    /Library/Ruby/Gems/1.8/gems/activesupport-2.1.0/lib/active_support/dependencies.rb:509:in `require'
    /Library/Ruby/Gems/1.8/gems/rails-2.1.0/lib/commands/server.rb:39
    /System/Library/Frameworks/Ruby.framework/Versions/1.8/usr/lib/ruby/1.8/rubygems/custom_require.rb:27:in `gem_original_require'
    /System/Library/Frameworks/Ruby.framework/Versions/1.8/usr/lib/ruby/1.8/rubygems/custom_require.rb:27:in `require'
    script/server:3

Rendering /Library/Ruby/Gems/1.8/gems/actionpack-2.1.0/lib/action_controller/templates/rescues/layout.erb (internal_server_error)


Processing ArticlesController#index (for 127.0.0.1 at 2008-07-30 18:13:00) [GET]
  Session ID: BAh7BiIKZmxhc2hJQzonQWN0aW9uQ29udHJvbGxlcjo6Rmxhc2g6OkZsYXNo
SGFzaHsABjoKQHVzZWR7AA==--a4db1362ae1a572a8592a80e5228c7db3955d5d5
  Parameters: {"action"=>"index", "controller"=>"articles"}
  [4;35;1mArticle Load (0.000348)[0m   [0mSELECT * FROM `articles` ORDER BY created_at DESC[0m
Rendering template within layouts/application
Rendering articles/index
  [4;36;1mArticle Columns (0.002830)[0m   [0;1mSHOW FIELDS FROM `articles`[0m
  [4;35;1mUser Columns (0.002446)[0m   [0mSHOW FIELDS FROM `users`[0m
  [4;36;1mUser Load (0.000344)[0m   [0;1mSELECT * FROM `users` WHERE (`users`.`id` = 1) [0m
  [4;35;1mCACHE (0.000000)[0m   [0mSELECT * FROM `users` WHERE (`users`.`id` = 1) [0m
Rendered articles/_example (0.00002)
Completed in 0.02605 (38 reqs/sec) | Rendering: 0.01507 (57%) | DB: 0.01009 (38%) | 200 OK [http://localhost/]


Processing ArticlesController#index (for 127.0.0.1 at 2008-07-30 18:13:23) [GET]
  Session ID: BAh7BiIKZmxhc2hJQzonQWN0aW9uQ29udHJvbGxlcjo6Rmxhc2g6OkZsYXNo
SGFzaHsABjoKQHVzZWR7AA==--a4db1362ae1a572a8592a80e5228c7db3955d5d5
  Parameters: {"action"=>"index", "controller"=>"articles"}
  [4;36;1mArticle Load (0.000363)[0m   [0;1mSELECT * FROM `articles` ORDER BY created_at DESC[0m
Rendering template within layouts/application
Rendering articles/index
  [4;35;1mArticle Columns (0.002708)[0m   [0mSHOW FIELDS FROM `articles`[0m
  [4;36;1mUser Columns (0.003115)[0m   [0;1mSHOW FIELDS FROM `users`[0m
  [4;35;1mUser Load (0.001289)[0m   [0mSELECT * FROM `users` WHERE (`users`.`id` = 1) [0m
  [4;36;1mCACHE (0.000000)[0m   [0;1mSELECT * FROM `users` WHERE (`users`.`id` = 1) [0m
Rendered articles/_example (0.00002)
Completed in 0.02772 (36 reqs/sec) | Rendering: 0.01522 (54%) | DB: 0.00748 (26%) | 200 OK [http://localhost/]


Processing ArticlesController#show (for 127.0.0.1 at 2008-07-30 18:13:27) [GET]
  Session ID: BAh7BiIKZmxhc2hJQzonQWN0aW9uQ29udHJvbGxlcjo6Rmxhc2g6OkZsYXNo
SGFzaHsABjoKQHVzZWR7AA==--a4db1362ae1a572a8592a80e5228c7db3955d5d5
  Parameters: {"action"=>"show", "id"=>"4", "controller"=>"articles"}
  [4;35;1mArticle Columns (0.002193)[0m   [0mSHOW FIELDS FROM `articles`[0m
  [4;36;1mArticle Load (0.001203)[0m   [0;1mSELECT * FROM `articles` WHERE (`articles`.`id` = 4) [0m
Rendering template within layouts/application
Rendering articles/show
  [4;35;1mUser Columns (0.008688)[0m   [0mSHOW FIELDS FROM `users`[0m
  [4;36;1mUser Load (0.001217)[0m   [0;1mSELECT * FROM `users` WHERE (`users`.`id` = 1) [0m
Completed in 0.05623 (17 reqs/sec) | Rendering: 0.03701 (65%) | DB: 0.01330 (23%) | 200 OK [http://localhost/articles/show/4]
